[    0.000000] Initializing cgroup subsys cpuset
[    0.000000] Initializing cgroup subsys cpu
[    0.000000] Initializing cgroup subsys cpuacct
[    0.000000] Linux version 4.4.0-210-generic (buildd@lgw01-amd64-009) (gcc version 5.4.0 20160609 (Ubuntu 5.4.0-6ubuntu1~16.04.12) ) #242-Ubuntu SMP Fri Apr 16 09:57:56 UTC 2021 (Ubuntu 4.4.0-210.242-generic 4.4.262)
[    0.000000] Command line: BOOT_IMAGE=/boot/vmlinuz-4.4.0-210-generic root=LABEL=cloudimg-rootfs ro console=tty1 console=ttyS0
[    0.000000] KERNEL supported cpus:
[    0.000000]   Intel GenuineIntel
[    0.000000]   AMD AuthenticAMD
[    0.000000]   Centaur CentaurHauls
[    0.000000] x86/fpu: xstate_offset[2]:  576, xstate_sizes[2]:  256
[    0.000000] x86/fpu: Supporting XSAVE feature 0x01: 'x87 floating point registers'
[    0.000000] x86/fpu: Supporting XSAVE feature 0x02: 'SSE registers'
[    0.000000] x86/fpu: Supporting XSAVE feature 0x04: 'AVX registers'
[    0.000000] x86/fpu: Enabled xstate features 0x7, context size is 832 bytes, using 'standard' format.
[    0.000000] e820: BIOS-provided physical RAM map:
[    0.000000] BIOS-e820: [mem 0x0000000000000000-0x000000000009fbff] usable
[    0.000000] BIOS-e820: [mem 0x000000000009fc00-0x000000000009ffff] reserved
[    0.000000] BIOS-e820: [mem 0x00000000000f0000-0x00000000000fffff] reserved
[    0.000000] BIOS-e820: [mem 0x0000000000100000-0x000000003ffeffff] usable
[    0.000000] BIOS-e820: [mem 0x000000003fff0000-0x000000003fffffff] ACPI data
[    0.000000] BIOS-e820: [mem 0x00000000fec00000-0x00000000fec00fff] reserved
[    0.000000] BIOS-e820: [mem 0x00000000fee00000-0x00000000fee00fff] reserved
[    0.000000] BIOS-e820: [mem 0x00000000fffc0000-0x00000000ffffffff] reserved
[    0.000000] NX (Execute Disable) protection: active
[    0.000000] SMBIOS 2.5 present.
[    0.000000] Hypervisor detected: KVM
[    0.000000] e820: last_pfn = 0x3fff0 max_arch_pfn = 0x400000000
[    0.000000] MTRR: Disabled
[    0.000000] x86/PAT: MTRRs disabled, skipping PAT initialization too.
[    0.000000] CPU MTRRs all blank - virtualized system.
[    0.000000] x86/PAT: Configuration [0-7]: WB  WT  UC- UC  WB  WT  UC- UC  
[    0.000000] found SMP MP-table at [mem 0x0009fff0-0x0009ffff] mapped at [ffff88000009fff0]
[    0.000000] Scanning 1 areas for low memory corruption
[    0.000000] RAMDISK: [mem 0x3613c000-0x37095fff]
[    0.000000] ACPI: Early table checksum verification disabled
[    0.000000] ACPI: RSDP 0x00000000000E0000 000024 (v02 VBOX  )
[    0.000000] ACPI: XSDT 0x000000003FFF0030 00003C (v01 VBOX   VBOXXSDT 00000001 ASL  00000061)
[    0.000000] ACPI: FACP 0x000000003FFF00F0 0000F4 (v04 VBOX   VBOXFACP 00000001 ASL  00000061)
[    0.000000] ACPI: DSDT 0x000000003FFF0610 002353 (v02 VBOX   VBOXBIOS 00000002 INTL 20230628)
[    0.000000] ACPI: FACS 0x000000003FFF0200 000040
[    0.000000] ACPI: FACS 0x000000003FFF0200 000040
[    0.000000] ACPI: APIC 0x000000003FFF0240 00005C (v02 VBOX   VBOXAPIC 00000001 ASL  00000061)
[    0.000000] ACPI: SSDT 0x000000003FFF02A0 00036C (v01 VBOX   VBOXCPUT 00000002 INTL 20230628)
[    0.000000] No NUMA configuration found
[    0.000000] Faking a node at [mem 0x0000000000000000-0x000000003ffeffff]
[    0.000000] NODE_DATA(0) allocated [mem 0x3ffeb000-0x3ffeffff]
[    0.000000] kvm-clock: Using msrs 4b564d01 and 4b564d00
[    0.000000] kvm-clock: cpu 0, msr 0:3ffe3001, primary cpu clock
[    0.000000] kvm-clock: using sched offset of 4286386131 cycles
[    0.000000] clocksource: kvm-clock: mask: 0xffffffffffffffff max_cycles: 0x1cd42e4dffb, max_idle_ns: 881590591483 ns
[    0.000000] Zone ranges:
[    0.000000]   DMA      [mem 0x0000000000001000-0x0000000000ffffff]
[    0.000000]   DMA32    [mem 0x0000000001000000-0x000000003ffeffff]
[    0.000000]   Normal   empty
[    0.000000]   Device   empty
[    0.000000] Movable zone start for each node
[    0.000000] Early memory node ranges
[    0.000000]   node   0: [mem 0x0000000000001000-0x000000000009efff]
[    0.000000]   node   0: [mem 0x0000000000100000-0x000000003ffeffff]
[    0.000000] Initmem setup node 0 [mem 0x0000000000001000-0x000000003ffeffff]
[    0.000000] ACPI: PM-Timer IO Port: 0x4008
[    0.000000] IOAPIC[0]: apic_id 2, version 32, address 0xfec00000, GSI 0-23
[    0.000000] ACPI: INT_SRC_OVR (bus 0 bus_irq 0 global_irq 2 dfl dfl)
[    0.000000] ACPI: INT_SRC_OVR (bus 0 bus_irq 9 global_irq 9 low level)
[    0.000000] Using ACPI (MADT) for SMP configuration information
[    0.000000] smpboot: Allowing 2 CPUs, 0 hotplug CPUs
[    0.000000] PM: Registered nosave memory: [mem 0x00000000-0x00000fff]
[    0.000000] PM: Registered nosave memory: [mem 0x0009f000-0x0009ffff]
[    0.000000] PM: Registered nosave memory: [mem 0x000a0000-0x000effff]
[    0.000000] PM: Registered nosave memory: [mem 0x000f0000-0x000fffff]
[    0.000000] e820: [mem 0x40000000-0xfebfffff] available for PCI devices
[    0.000000] Booting paravirtualized kernel on KVM
[    0.000000] clocksource: refined-jiffies: mask: 0xffffffff max_cycles: 0xffffffff, max_idle_ns: 7645519600211568 ns
[    0.000000] setup_percpu: NR_CPUS:512 nr_cpumask_bits:512 nr_cpu_ids:2 nr_node_ids:1
[    0.000000] PERCPU: Embedded 33 pages/cpu @ffff88003fc00000 s95192 r8192 d31784 u1048576
[    0.000000] Built 1 zonelists in Node order, mobility grouping on.  Total pages: 257912
[    0.000000] Policy zone: DMA32
[    0.000000] Kernel command line: BOOT_IMAGE=/boot/vmlinuz-4.4.0-210-generic root=LABEL=cloudimg-rootfs ro console=tty1 console=ttyS0
[    0.000000] PID hash table entries: 4096 (order: 3, 32768 bytes)
[    0.000000] Memory: 996960K/1048120K available (8644K kernel code, 1332K rwdata, 4044K rodata, 1492K init, 1164K bss, 51160K reserved, 0K cma-reserved)
[    0.000000] SLUB: HWalign=64, Order=0-3, MinObjects=0, CPUs=2, Nodes=1
[    0.000000] Kernel/User page tables isolation: enabled
[    0.000000] Hierarchical RCU implementation.
[    0.000000] 	Build-time adjustment of leaf fanout to 64.
[    0.000000] 	RCU restricting CPUs from NR_CPUS=512 to nr_cpu_ids=2.
[    0.000000] RCU: Adjusting geometry for rcu_fanout_leaf=64, nr_cpu_ids=2
[    0.000000] NR_IRQS:33024 nr_irqs:440 16
[    0.000000] Console: colour VGA+ 80x25
[    0.000000] console [tty1] enabled
[    0.000000] console [ttyS0] enabled
[    0.000000] tsc: Detected 2194.914 MHz processor
[    0.181337] Calibrating delay loop (skipped) preset value.. 4389.82 BogoMIPS (lpj=8779656)
[    0.184163] pid_max: default: 32768 minimum: 301
[    0.185484] ACPI: Core revision 20150930
[    0.187875] ACPI: 2 ACPI AML tables successfully acquired and loaded
[    0.190761] Security Framework initialized
[    0.192041] Yama: becoming mindful.
[    0.193628] AppArmor: AppArmor initialized
[    0.194934] Dentry cache hash table entries: 131072 (order: 8, 1048576 bytes)
[    0.197517] Inode-cache hash table entries: 65536 (order: 7, 524288 bytes)
[    0.199508] Mount-cache hash table entries: 2048 (order: 2, 16384 bytes)
[    0.201218] Mountpoint-cache hash table entries: 2048 (order: 2, 16384 bytes)
[    0.205940] Initializing cgroup subsys io
[    0.207211] Initializing cgroup subsys memory
[    0.208629] Initializing cgroup subsys devices
[    0.209919] Initializing cgroup subsys freezer
[    0.211238] Initializing cgroup subsys net_cls
[    0.212762] Initializing cgroup subsys perf_event
[    0.214275] Initializing cgroup subsys net_prio
[    0.215569] Initializing cgroup subsys hugetlb
[    0.216910] Initializing cgroup subsys pids
[    0.227005] mce: CPU supports 0 MCE banks
[    0.228727] Last level iTLB entries: 4KB 64, 2MB 8, 4MB 8
[    0.230618] Last level dTLB entries: 4KB 64, 2MB 0, 4MB 0, 1GB 4
[    0.232148] Spectre V1 : Mitigation: usercopy/swapgs barriers and __user pointer sanitization
[    0.234463] Spectre V2 : Mitigation: Full generic retpoline
[    0.236249] Spectre V2 : Spectre v2 / SpectreRSB mitigation: Filling RSB on context switch
[    0.238727] Speculative Store Bypass: Vulnerable
[    0.240011] SRBDS: Unknown: Dependent on hypervisor status
[    0.241532] MDS: Mitigation: Clear CPU buffers
[    0.246128] Freeing SMP alternatives memory: 36K
[    0.255566] ftrace: allocating 32380 entries in 127 pages
[    0.327594] smpboot: APIC(0) Converting physical 0 to logical package 0
[    0.329264] smpboot: Max logical packages: 1
[    0.330686] x2apic enabled
[    0.331758] Switched APIC routing to physical x2apic.
[    0.334172] ..TIMER: vector=0x30 apic1=0 pin1=2 apic2=-1 pin2=-1
[    0.443856] smpboot: CPU0: Intel(R) Core(TM) i5-5200U CPU @ 2.20GHz (family: 0x6, model: 0x3d, stepping: 0x4)
[    0.448505] Performance Events: unsupported p6 CPU model 61 no PMU driver, software events only.
[    0.464376] KVM setup paravirtual spinlock
[    0.466737] x86: Booting SMP configuration:
[    0.470602] .... node  #0, CPUs:      #1
[    0.471948] kvm-clock: cpu 1, msr 0:3ffe3041, secondary cpu clock
[    0.481354] mce: CPU supports 0 MCE banks
[    0.484196] x86: Booted up 1 node, 2 CPUs
[    0.486117] smpboot: Total of 2 processors activated (8779.65 BogoMIPS)
[    0.488614] devtmpfs: initialized
[    0.491006] evm: security.selinux
[    0.492326] evm: security.SMACK64
[    0.493320] evm: security.SMACK64EXEC
[    0.494502] evm: security.SMACK64TRANSMUTE
[    0.495792] evm: security.SMACK64MMAP
[    0.497013] evm: security.ima
[    0.498005] evm: security.capability
[    0.499528] clocksource: jiffies: mask: 0xffffffff max_cycles: 0xffffffff, max_idle_ns: 7645041785100000 ns
[    0.503103] futex hash table entries: 512 (order: 3, 32768 bytes)
[    0.505496] pinctrl core: initialized pinctrl subsystem
[    0.507291] RTC time: 14:35:07, date: 08/23/24
[    0.509041] NET: Registered protocol family 16
[    0.519996] cpuidle: using governor ladder
[    0.536170] cpuidle: using governor menu
[    0.540710] PCCT header not found.
[    0.541775] ACPI: bus type PCI registered
[    0.542708] acpiphp: ACPI Hot Plug PCI Controller Driver version: 0.5
[    0.544202] PCI: Using configuration type 1 for base access
[    0.556623] ACPI: Added _OSI(Module Device)
[    0.558066] ACPI: Added _OSI(Processor Device)
[    0.559519] ACPI: Added _OSI(3.0 _SCP Extensions)
[    0.561086] ACPI: Added _OSI(Processor Aggregator Device)
[    0.563871] ACPI: Executed 1 blocks of module-level executable AML code
[    0.568599] ACPI: Interpreter enabled
[    0.569550] ACPI: (supports S0 S5)
[    0.570443] ACPI: Using IOAPIC for interrupt routing
[    0.571686] PCI: Using host bridge windows from ACPI; if necessary, use "pci=nocrs" and report a bug
[    0.578077] ACPI: PCI Root Bridge [PCI0] (domain 0000 [bus 00-ff])
[    0.579488] acpi PNP0A03:00: _OSC: OS supports [ASPM ClockPM Segments MSI]
[    0.581357] acpi PNP0A03:00: _OSC: not requesting OS control; OS requires [ExtendedConfig ASPM ClockPM MSI]
[    0.583753] acpi PNP0A03:00: fail to add MMCONFIG information, can't access extended PCI configuration space under this bridge.
[    0.586548] PCI host bridge to bus 0000:00
[    0.587485] pci_bus 0000:00: root bus resource [io  0x0000-0x0cf7 window]
[    0.589124] pci_bus 0000:00: root bus resource [io  0x0d00-0xffff window]
[    0.590520] pci_bus 0000:00: root bus resource [mem 0x000a0000-0x000bffff window]
[    0.592302] pci_bus 0000:00: root bus resource [mem 0x40000000-0xfdffffff window]
[    0.594003] pci_bus 0000:00: root bus resource [bus 00-ff]
[    0.596842] pci 0000:00:01.1: legacy IDE quirk: reg 0x10: [io  0x01f0-0x01f7]
[    0.598351] pci 0000:00:01.1: legacy IDE quirk: reg 0x14: [io  0x03f6]
[    0.599678] pci 0000:00:01.1: legacy IDE quirk: reg 0x18: [io  0x0170-0x0177]
[    0.612460] pci 0000:00:01.1: legacy IDE quirk: reg 0x1c: [io  0x0376]
[    0.638181] pci 0000:00:07.0: quirk: [io  0x4000-0x403f] claimed by PIIX4 ACPI
[    0.640225] pci 0000:00:07.0: quirk: [io  0x4100-0x410f] claimed by PIIX4 SMB
[    0.655692] ACPI: PCI Interrupt Link [LNKA] (IRQs 5 9 10 *11)
[    0.657905] ACPI: PCI Interrupt Link [LNKB] (IRQs 5 9 *10 11)
[    0.659858] ACPI: PCI Interrupt Link [LNKC] (IRQs 5 *9 10 11)
[    0.661771] ACPI: PCI Interrupt Link [LNKD] (IRQs 5 9 10 *11)
[    0.663710] ACPI: Enabled 2 GPEs in block 00 to 07
[    0.665484] vgaarb: setting as boot device: PCI:0000:00:02.0
[    0.666919] vgaarb: device added: PCI:0000:00:02.0,decodes=io+mem,owns=io+mem,locks=none
[    0.669023] vgaarb: loaded
[    0.669873] vgaarb: bridge control possible 0000:00:02.0
[    0.671443] SCSI subsystem initialized
[    0.672686] ACPI: bus type USB registered
[    0.673803] usbcore: registered new interface driver usbfs
[    0.675181] usbcore: registered new interface driver hub
[    0.676541] usbcore: registered new device driver usb
[    0.678725] PCI: Using ACPI for IRQ routing
[    0.680270] NetLabel: Initializing
[    0.681250] NetLabel:  domain hash size = 128
[    0.682428] NetLabel:  protocols = UNLABELED CIPSOv4
[    0.683709] NetLabel:  unlabeled traffic allowed by default
[    0.685320] amd_nb: Cannot enumerate AMD northbridges
[    0.686908] clocksource: Switched to clocksource kvm-clock
[    0.700492] AppArmor: AppArmor Filesystem Enabled
[    0.702312] pnp: PnP ACPI init
[    0.704248] pnp: PnP ACPI: found 3 devices
[    0.714489] clocksource: acpi_pm: mask: 0xffffff max_cycles: 0xffffff, max_idle_ns: 2085701024 ns
[    0.716869] NET: Registered protocol family 2
[    0.718336] TCP established hash table entries: 8192 (order: 4, 65536 bytes)
[    0.720086] TCP bind hash table entries: 8192 (order: 5, 131072 bytes)
[    0.721844] TCP: Hash tables configured (established 8192 bind 8192)
[    0.723424] UDP hash table entries: 512 (order: 2, 16384 bytes)
[    0.724945] UDP-Lite hash table entries: 512 (order: 2, 16384 bytes)
[    0.726553] NET: Registered protocol family 1
[    0.727964] pci 0000:00:00.0: Limiting direct PCI/PCI transfers
[    0.729660] pci 0000:00:01.0: Activating ISA DMA hang workarounds
[    0.731574] Unpacking initramfs...
[    0.994676] Freeing initrd memory: 15720K
[    0.995975] RAPL PMU detected, API unit is 2^-32 Joules, 4 fixed counters 10737418240 ms ovfl timer
[    0.997853] hw unit of domain pp0-core 2^-0 Joules
[    0.998915] hw unit of domain package 2^-0 Joules
[    0.999950] hw unit of domain dram 2^-0 Joules
[    1.000908] hw unit of domain pp1-gpu 2^-0 Joules
[    1.002223] clocksource: tsc: mask: 0xffffffffffffffff max_cycles: 0x1fa36e579bf, max_idle_ns: 440795269840 ns
[    1.005663] platform rtc_cmos: registered platform RTC device (no PNP device found)
[    1.007755] Scanning for low memory corruption every 60 seconds
[    1.009869] audit: initializing netlink subsys (disabled)
[    1.011296] audit: type=2000 audit(1724423713.882:1): initialized
[    1.013069] Initialise system trusted keyring
[    1.014575] HugeTLB registered 2 MB page size, pre-allocated 0 pages
[    1.017710] zbud: loaded
[    1.019215] VFS: Disk quotas dquot_6.6.0
[    1.020409] VFS: Dquot-cache hash table entries: 512 (order 0, 4096 bytes)
[    1.022353] squashfs: version 4.0 (2009/01/31) Phillip Lougher
[    1.024284] fuse init (API version 7.23)
[    1.026146] Key type big_key registered
[    1.027324] Allocating IMA MOK and blacklist keyrings.
[    1.030171] Key type asymmetric registered
[    1.031749] Asymmetric key parser 'x509' registered
[    1.033133] Block layer SCSI generic (bsg) driver version 0.4 loaded (major 249)
[    1.035211] io scheduler noop registered
[    1.036259] io scheduler deadline registered (default)
[    1.037618] io scheduler cfq registered
[    1.038780] pci_hotplug: PCI Hot Plug PCI Core version: 0.5
[    1.040356] pciehp: PCI Express Hot Plug Controller Driver version: 0.4
[    1.042434] ACPI: AC Adapter [AC] (off-line)
[    1.043607] input: Power Button as /devices/LNXSYSTM:00/LNXPWRBN:00/input/input0
[    1.045333] ACPI: Power Button [PWRF]
[    1.046279] input: Sleep Button as /devices/LNXSYSTM:00/LNXSLPBN:00/input/input1
[    1.048134] ACPI: Sleep Button [SLPF]
[    1.049690] GHES: HEST is not enabled!
[    1.050669] ACPI: Battery Slot [BAT0] (battery present)
[    1.052389] Serial: 8250/16550 driver, 32 ports, IRQ sharing enabled
[    1.074260] 00:02: ttyS0 at I/O 0x3f8 (irq = 4, base_baud = 115200) is a 16550A
[    1.079047] Linux agpgart interface v0.103
[    1.082085] loop: module loaded
[    1.083593] scsi host0: ata_piix
[    1.084791] scsi host1: ata_piix
[    1.085644] ata1: PATA max UDMA/33 cmd 0x1f0 ctl 0x3f6 bmdma 0xd000 irq 14
[    1.087077] ata2: PATA max UDMA/33 cmd 0x170 ctl 0x376 bmdma 0xd008 irq 15
[    1.088960] libphy: Fixed MDIO Bus: probed
[    1.090140] tun: Universal TUN/TAP device driver, 1.6
[    1.091515] tun: (C) 1999-2004 Max Krasnyansky <maxk@qualcomm.com>
[    1.093184] PPP generic driver version 2.4.2
[    1.094548] ehci_hcd: USB 2.0 'Enhanced' Host Controller (EHCI) Driver
[    1.096244] ehci-pci: EHCI PCI platform driver
[    1.097503] ehci-platform: EHCI generic platform driver
[    1.098973] ohci_hcd: USB 1.1 'Open' Host Controller (OHCI) Driver
[    1.100701] ohci-pci: OHCI PCI platform driver
[    1.101947] ohci-platform: OHCI generic platform driver
[    1.103797] uhci_hcd: USB Universal Host Controller Interface driver
[    1.106453] i8042: PNP: PS/2 Controller [PNP0303:PS2K,PNP0f03:PS2M] at 0x60,0x64 irq 1,12
[    1.108952] serio: i8042 KBD port at 0x60,0x64 irq 1
[    1.110491] serio: i8042 AUX port at 0x60,0x64 irq 12
[    1.112075] mousedev: PS/2 mouse device common for all mice
[    1.113765] input: AT Translated Set 2 keyboard as /devices/platform/i8042/serio0/input/input2
[    1.116272] rtc_cmos rtc_cmos: rtc core: registered rtc_cmos as rtc0
[    1.117703] rtc_cmos rtc_cmos: alarms up to one day, 114 bytes nvram
[    1.119223] i2c /dev entries driver
[    1.120132] device-mapper: uevent: version 1.0.3
[    1.121251] device-mapper: ioctl: 4.34.0-ioctl (2015-10-28) initialised: dm-devel@redhat.com
[    1.123225] ledtrig-cpu: registered to indicate activity on CPUs
[    1.124978] NET: Registered protocol family 10
[    1.126168] NET: Registered protocol family 17
[    1.127324] Key type dns_resolver registered
[    1.128874] registered taskstats version 1
[    1.129854] Loading compiled-in X.509 certificates
[    1.131639] Loaded X.509 cert 'Build time autogenerated kernel key: cf00e047681d67edb2720680708b7d9498083038'
[    1.133800] zswap: loaded using pool lzo/zbud
[    1.136898] Key type trusted registered
[    1.141807] Key type encrypted registered
[    1.142796] AppArmor: AppArmor sha1 policy hashing enabled
[    1.144064] ima: No TPM chip found, activating TPM-bypass!
[    1.145250] ima: Allocated hash algorithm: sha1
[    1.146288] evm: HMAC attrs: 0x1
[    1.147658]   Magic number: 4:256:587
[    1.148787] rtc_cmos rtc_cmos: setting system clock to 2024-08-23 14:35:08 UTC (1724423708)
[    1.151203] BIOS EDD facility v0.16 2004-Jun-25, 0 devices found
[    1.152710] EDD information not available.
[    1.266777] Freeing unused kernel memory: 1492K
[    1.268098] Write protecting the kernel read-only data: 14336k
[    1.270072] Freeing unused kernel memory: 1584K
[    1.271492] Freeing unused kernel memory: 52K
Loading, please wait...
starting version 229
[    1.291481] random: systemd-udevd: uninitialized urandom read (16 bytes read, 3 bits of entropy available)
[    1.292606] random: udevadm: uninitialized urandom read (16 bytes read, 3 bits of entropy available)
[    1.292647] random: udevadm: uninitialized urandom read (16 bytes read, 3 bits of entropy available)
[    1.299458] random: systemd-udevd: uninitialized urandom read (16 bytes read, 3 bits of entropy available)
[    1.301987] random: systemd-udevd: uninitialized urandom read (16 bytes read, 3 bits of entropy available)
[    1.305230] random: udevadm: uninitialized urandom read (16 bytes read, 3 bits of entropy available)
[    1.305287] random: udevadm: uninitialized urandom read (16 bytes read, 3 bits of entropy available)
[    1.305499] random: udevadm: uninitialized urandom read (16 bytes read, 3 bits of entropy available)
[    1.305595] random: udevadm: uninitialized urandom read (16 bytes read, 3 bits of entropy available)
[    1.305693] random: udevadm: uninitialized urandom read (16 bytes read, 3 bits of entropy available)
[    1.375015] [drm] Initialized drm 1.1.0 20060810
[    1.384537] Fusion MPT base driver 3.04.20
[    1.386161] Copyright (c) 1999-2008 LSI Corporation
[    1.391468] e1000: Intel(R) PRO/1000 Network Driver - version 7.3.21-k8-NAPI
[    1.396779] e1000: Copyright (c) 1999-2006 Intel Corporation.
[    1.417611] vboxvideo: loading out-of-tree module taints kernel.
[    1.458811] AVX2 version of gcm_enc/dec engaged.
[    1.463031] AES CTR mode by8 optimization enabled
[    1.471108] Fusion MPT SPI Host driver 3.04.20
[    1.473953] vboxvideo: module verification failed: signature and/or required key missing - tainting kernel
[    1.479576] vboxvideo: loading version 7.0.16 r162802
[    1.609149] input: ImExPS/2 Generic Explorer Mouse as /devices/platform/i8042/serio1/input/input4
[    1.821511] e1000 0000:00:03.0 eth0: (PCI:33MHz:32-bit) 02:be:82:6b:cc:1d
[    1.823973] e1000 0000:00:03.0 eth0: Intel(R) PRO/1000 Network Connection
[    2.175143] e1000 0000:00:08.0 eth1: (PCI:33MHz:32-bit) 08:00:27:f2:64:18
[    2.176804] e1000 0000:00:08.0 eth1: Intel(R) PRO/1000 Network Connection
[    2.179951] mptbase: ioc0: Initiating bringup
[    2.180788] e1000 0000:00:03.0 enp0s3: renamed from eth0
[    2.195691] e1000 0000:00:08.0 enp0s8: renamed from eth1
[    2.550015] ioc0: LSI53C1030 A0: Capabilities={Initiator}
[    4.352407] scsi host2: ioc0: LSI53C1030 A0, FwRev=00000000h, Ports=1, MaxQ=256, IRQ=20
[    6.727354] scsi 2:0:0:0: Direct-Access     VBOX     HARDDISK         1.0  PQ: 0 ANSI: 5
[    6.729877] scsi target2:0:0: Beginning Domain Validation
[    6.732873] scsi target2:0:0: Domain Validation skipping write tests
[    6.734485] scsi target2:0:0: Ending Domain Validation
[    6.735970] [drm] VRAM 01000000
[    6.737142] scsi target2:0:0: asynchronous
[    6.738319] [TTM] Zone  kernel: Available graphics memory: 507922 kiB
[    6.739931] [TTM] Initializing pool allocator
[    6.741216] [TTM] Initializing DMA pool allocator
[    6.742705] scsi 2:0:1:0: Direct-Access     VBOX     HARDDISK         1.0  PQ: 0 ANSI: 5
[    6.744879] scsi target2:0:1: Beginning Domain Validation
[    6.748004] fbcon: vboxdrmfb (fb0) is primary device
[    6.749586] scsi target2:0:1: Domain Validation skipping write tests
[    6.749588] scsi target2:0:1: Ending Domain Validation
[    6.749642] scsi target2:0:1: asynchronous
[    6.756455] Console: switching to colour frame buffer device 100x37
[    6.761268] sd 2:0:0:0: Attached scsi generic sg0 type 0
[    6.764389] sd 2:0:0:0: [sda] 83886080 512-byte logical blocks: (42.9 GB/40.0 GiB)
[    6.764446] sd 2:0:1:0: Attached scsi generic sg1 type 0
[    6.766266] sd 2:0:1:0: [sdb] 20480 512-byte logical blocks: (10.5 MB/10.0 MiB)
[    6.769610] sd 2:0:0:0: [sda] Write Protect is off
[    6.770633] vboxvideo 0000:00:02.0: fb0: vboxdrmfb frame buffer device
[    6.770634] sd 2:0:1:0: [sdb] Write Protect is off
[    6.772744] sd 2:0:0:0: [sda] Incomplete mode parameter data
[    6.774006] sd 2:0:0:0: [sda] Assuming drive cache: write through
[    6.774042] sd 2:0:1:0: [sdb] Incomplete mode parameter data
[    6.774045] sd 2:0:1:0: [sdb] Assuming drive cache: write through
[    6.791029] [drm] Initialized vboxvideo 1.0.0 20130823 for 0000:00:02.0 on minor 0
[    6.973286]  sda: sda1
[    6.975148] sd 2:0:0:0: [sda] Attached SCSI disk
[    6.979374] sd 2:0:1:0: [sdb] Attached SCSI disk
Begin: Loading essential drivers ... [    7.232974] md: linear personality registered for level -1
[    7.238441] md: multipath personality registered for level -4
[    7.242799] md: raid0 personality registered for level 0
[    7.250363] md: raid1 personality registered for level 1
[    7.326984] raid6: sse2x1   gen()  5239 MB/s
[    7.394971] raid6: sse2x1   xor()  4708 MB/s
[    7.462987] raid6: sse2x2   gen()  7130 MB/s
[    7.531059] raid6: sse2x2   xor()  5906 MB/s
[    7.599009] raid6: sse2x4   gen() 10761 MB/s
[    7.666983] raid6: sse2x4   xor()  7290 MB/s
[    7.734993] raid6: avx2x1   gen() 10054 MB/s
[    7.866984] raid6: avx2x2   gen()  6880 MB/s
[    7.934980] raid6: avx2x4   gen() 17901 MB/s
[    7.937838] raid6: using algorithm avx2x4 gen() 17901 MB/s
[    7.939871] raid6: using avx2x2 recovery algorithm
[    7.943881] xor: automatically using best checksumming function:
[    8.001648]    avx       : 48436.000 MB/sec
[    8.005139] async_tx: api initialized (async)
[    8.019848] md: raid6 personality registered for level 6
[    8.022377] md: raid5 personality registered for level 5
[    8.024987] md: raid4 personality registered for level 4
[    8.036703] md: raid10 personality registered for level 10
done.
Begin: Running /scripts/init-premount ... done.
Begin: Mounting root file system ... Begin: Running /scripts/local-top ... done.
Begin: Running /scripts/local-premount ... [    8.079377] Btrfs loaded
Scanning for Btrfs filesystems
done.
Begin: Will now check root file system ... fsck from util-linux 2.27.1
[/sbin/fsck.ext4 (1) -- /dev/sda1] fsck.ext4 -a -C0 /dev/sda1 
cloudimg-rootfs: clean, 66835/5120000 files, 624226/10485499 blocks
done.
[    8.220096] EXT4-fs (sda1): mounted filesystem with ordered data mode. Opts: (null)
done.
Begin: Running /scripts/local-bottom ... done.
Begin: Running /scripts/init-bottom ... done.
[    8.539614] systemd[1]: systemd 229 running in system mode. (+PAM +AUDIT +SELINUX +IMA +APPARMOR +SMACK +SYSVINIT +UTMP +LIBCRYPTSETUP +GCRYPT +GNUTLS +ACL +XZ -LZ4 +SECCOMP +BLKID +ELFUTILS +KMOD -IDN)
[    8.547116] systemd[1]: Detected virtualization oracle.
[    8.550183] systemd[1]: Detected architecture x86-64.

Welcome to [1mUbuntu 16.04.7 LTS[0m!

[    8.667761] systemd[1]: Set hostname to <web03>.
[    9.034173] systemd[1]: Listening on Journal Audit Socket.
[[0;32m  OK  [0m] Listening on Journal Audit Socket.
[    9.037805] systemd[1]: Started Trigger resolvconf update for networkd DNS.
[[0;32m  OK  [0m] Started Trigger resolvconf update for networkd DNS.
[    9.041112] systemd[1]: Listening on Journal Socket (/dev/log).
[[0;32m  OK  [0m] Listening on Journal Socket (/dev/log).
[    9.051349] systemd[1]: Listening on LVM2 poll daemon socket.
[[0;32m  OK  [0m] Listening on LVM2 poll daemon socket.
[    9.054031] systemd[1]: Set up automount Arbitrary Executable File Formats File System Automount Point.
[[0;32m  OK  [0m] Set up automount Arbitrary Executab...ats File System Automount Point.
[    9.063191] systemd[1]: Reached target System Time Synchronized.
[[0;32m  OK  [0m] Reached target System Time Synchronized.
[    9.071286] systemd[1]: Listening on /dev/initctl Compatibility Named Pipe.
[[0;32m  OK  [0m] Listening on /dev/initctl Compatibility Named Pipe.
[    9.079170] systemd[1]: Reached target User and Group Name Lookups.
[[0;32m  OK  [0m] Reached target User and Group Name Lookups.
[    9.083098] systemd[1]: Listening on Device-mapper event daemon FIFOs.
[[0;32m  OK  [0m] Listening on Device-mapper event daemon FIFOs.
[    9.086616] systemd[1]: Created slice System Slice.
[[0;32m  OK  [0m] Created slice System Slice.
[    9.088873] systemd[1]: Reached target Encrypted Volumes.
[[0;32m  OK  [0m] Reached target Encrypted Volumes.
[    9.099768] systemd[1]: Created slice system-serial\x2dgetty.slice.
[[0;32m  OK  [0m] Created slice system-serial\x2dgetty.slice.
[    9.103071] systemd[1]: Listening on LVM2 metadata daemon socket.
[[0;32m  OK  [0m] Listening on LVM2 metadata daemon socket.
[    9.106385] systemd[1]: Listening on udev Control Socket.
[[0;32m  OK  [0m] Listening on udev Control Socket.
[    9.110934] systemd[1]: Listening on Journal Socket.
[[0;32m  OK  [0m] Listening on Journal Socket.
[    9.123279] systemd[1]: Starting Set console keymap...
         Starting Set console keymap...
[    9.199276] systemd[1]: Starting Load Kernel Modules...
         Starting Load Kernel Modules...
[    9.204940] systemd[1]: Mounting POSIX Message Queue File System...
         Mounting POSIX Message Queue File System...
[    9.220273] systemd[1]: Starting Uncomplicated firewall...
         Starting Uncomplicated firewall...
[    9.226831] Loading iSCSI transport class v2.0-870.
[    9.230873] systemd[1]: Mounting Debug File System...
         Mounting Debug File System...
[    9.237271] systemd[1]: Listening on fsck to fsckd communication Socket.
[[0;32m  OK  [0m] Listening on fsck to fsckd communication Socket.
[    9.243698] systemd[1]: Starting Monitoring of LVM2 mirrors, snapshots etc. using dmeventd or progress polling...
         Starting Monitoring of LVM2 mirrors... dmeventd or progress polling...
[    9.253580] systemd[1]: Starting Create list of required static device nodes for the current kernel...
         Starting Create list of required st... nodes for the current kernel...
[    9.265974] systemd[1]: Starting Remount Root and Kernel File Systems...
         Starting Remount Root and Kernel File Systems...
[    9.275583] systemd[1]: Mounting Huge Pages File System...
         Mounting Huge Pages File System...
[    9.283479] EXT4-fs (sda1): re-mounted. Opts: (null)
[    9.287244] systemd[1]: Listening on Syslog Socket.
[[0;32m  OK  [0m] Listening on Syslog Socket.
[    9.294012] iscsi: registered transport (tcp)
[    9.305629] random: nonblocking pool is initialized
[    9.319460] systemd[1]: Starting Journal Service...
         Starting Journal Service...
[    9.330636] systemd[1]: Listening on udev Kernel Socket.
[[0;32m  OK  [0m] Listening on udev Kernel Socket.
[    9.343291] systemd[1]: Started Forward Password Requests to Wall Directory Watch.
[[0;32m  OK  [0m] Started Forward Password Requests to Wall Directory Watch.
[    9.348809] systemd[1]: Created slice User and Session Slice.
[[0;32m  OK  [0m] Created slice User and Session Slice.
[    9.360440] iscsi: registered transport (iser)
[    9.363170] systemd[1]: Reached target Slices.
[[0;32m  OK  [0m] Reached target Slices.
[    9.381797] systemd[1]: Starting Nameserver information manager...
         Starting Nameserver information manager...
[    9.395214] systemd[1]: Reached target Swap.
[[0;32m  OK  [0m] Reached target Swap.
[    9.399257] systemd[1]: Mounted Huge Pages File System.
[[0;32m  OK  [0m] Mounted Huge Pages File System.
[    9.402697] systemd[1]: Mounted POSIX Message Queue File System.
[[0;32m  OK  [0m] Mounted POSIX Message Queue File System.
[    9.406435] systemd[1]: Mounted Debug File System.
[[0;32m  OK  [0m] Mounted Debug File System.
[    9.410609] systemd[1]: Started Journal Service.
[[0;32m  OK  [0m] Started Journal Service.
[[0;32m  OK  [0m] Started Set console keymap.
[[0;32m  OK  [0m] Started Load Kernel Modules.
[[0;32m  OK  [0m] Started Uncomplicated firewall.
[[0;32m  OK  [0m] Started Create list of required sta...ce nodes for the current kernel.
[[0;32m  OK  [0m] Started Remount Root and Kernel File Systems.
[[0;32m  OK  [0m] Started LVM2 metadata daemon.
         Starting Load/Save Random Seed...
         Starting udev Coldplug all Devices...
         Starting Create Static Device Nodes in /dev...
         Mounting FUSE Control File System...
         Starting Apply Kernel Variables...
         Starting Flush Journal to Persistent Storage...
[[0;32m  OK  [0m] Mounted FUSE Control File System.
[[0;32m  OK  [0m] Started Nameserver information manager.
[[0;32m  OK  [0m] Started Load/Save Random Seed.
[[0;32m  OK  [0m] Started Apply Kernel Variables.
[[0;32m  OK  [0m] Started Flush Journal to Persistent Storage.
[[0;32m  OK  [0m] Started Create Static Device Nodes in /dev.
         Starting udev Kernel Device Manager...
[[0;32m  OK  [0m] Started udev Coldplug all Devices.
[[0;32m  OK  [0m] Started udev Kernel Device Manager.
[[0;32m  OK  [0m] Started Dispatch Password Requests to Console Directory Watch.
[[0;32m  OK  [0m] Started Monitoring of LVM2 mirrors,...ng dmeventd or progress polling.
[[0;32m  OK  [0m] Reached target Local File Systems (Pre).
[[0;32m  OK  [0m] Reached target Local File Systems.
         Starting Create Volatile Files and Directories...
         Starting Set console font and keymap...
         Starting LSB: AppArmor initialization...
         Starting Initial cloud-init job (pre-networking)...
         Starting Tell Plymouth To Write Out Runtime Data...
[[0;32m  OK  [0m] Found device /dev/ttyS0.
[[0;32m  OK  [0m] Started Create Volatile Files and Directories.
         Starting Update UTMP about System Boot/Shutdown...
[[0;32m  OK  [0m] Started Tell Plymouth To Write Out Runtime Data.
[[0;32m  OK  [0m] Started Update UTMP about System Boot/Shutdown.
[[0;32m  OK  [0m] Listening on Load/Save RF Kill Switch Status /dev/rfkill Watch.
[[0;32m  OK  [0m] Started Set console font and keymap.
[[0;32m  OK  [0m] Created slice system-getty.slice.
[[0;32m  OK  [0m] Found device 82540EM Gigabit Ethern...r (PRO/1000 MT Desktop Adapter).
[[0;32m  OK  [0m] Found device 82540EM Gigabit Ethern...r (PRO/1000 MT Desktop Adapter).
[[0;32m  OK  [0m] Started LSB: AppArmor initialization.
         Starting Load AppArmor profiles managed internally by snapd...
[[0;32m  OK  [0m] Started Load AppArmor profiles managed internally by snapd.
[   12.388658] cloud-init[503]: Cloud-init v. 21.1-19-gbad84ad4-0ubuntu1~16.04.2 running 'init-local' at Fri, 23 Aug 2024 14:35:19 +0000. Up 11.59 seconds.
[[0;32m  OK  [0m] Started Initial cloud-init job (pre-networking).
[[0;32m  OK  [0m] Reached target Network (Pre).
[[0;32m  OK  [0m] Started ifup for enp0s3.
         Starting Raise network interfaces...
[[0;32m  OK  [0m] Started ifup for enp0s8.
[[0;32m  OK  [0m] Started Raise network interfaces.
         Starting Initial cloud-init job (metadata service crawler)...
[[0;32m  OK  [0m] Reached target Network.
[   13.621955] cloud-init[1081]: Cloud-init v. 21.1-19-gbad84ad4-0ubuntu1~16.04.2 running 'init' at Fri, 23 Aug 2024 14:35:20 +0000. Up 13.05 seconds.
[   13.624227] cloud-init[1081]: ci-info: ++++++++++++++++++++++++++++++++++++++Net device info+++++++++++++++++++++++++++++++++++++++
[   13.632577] cloud-init[1081]: ci-info: +--------+------+-----------------------------+---------------+--------+-------------------+
[   13.640621] cloud-init[1081]: ci-info: | Device |  Up  |           Address           |      Mask     | Scope  |     Hw-Address    |
[   13.642430] cloud-init[1081]: ci-info: +--------+------+-----------------------------+---------------+--------+-------------------+
[   13.648576] cloud-init[1081]: ci-info: | enp0s3 | True |          10.0.2.15          | 255.255.255.0 | global | 02:be:82:6b:cc:1d |
[   13.650443] cloud-init[1081]: ci-info: | enp0s3 | True |  fe80::be:82ff:fe6b:cc1d/64 |       .       |  link  | 02:be:82:6b:cc:1d |
[   13.656606] cloud-init[1081]: ci-info: | enp0s8 | True |         192.168.56.5        | 255.255.255.0 | global | 08:00:27:f2:64:18 |
[   13.658811] cloud-init[1081]: ci-info: | enp0s8 | True | fe80::a00:27ff:fef2:6418/64 |       .       |  link  | 08:00:27:f2:64:18 |
[   13.660654] cloud-init[1081]: ci-info: |   lo   | True |          127.0.0.1          |   255.0.0.0   |  host  |         .         |
[   13.668455] cloud-init[1081]: ci-info: |   lo   | True |           ::1/128           |       .       |  host  |         .         |
[   13.670358] cloud-init[1081]: ci-info: +--------+------+-----------------------------+---------------+--------+-------------------+
[   13.672274] cloud-init[1081]: ci-info: ++++++++++++++++++++++++++++Route IPv4 info++++++++++++++++++++++++++++
[   13.680482] cloud-init[1081]: ci-info: +-------+--------------+----------+---------------+-----------+-------+
[   13.688485] cloud-init[1081]: ci-info: | Route | Destination  | Gateway  |    Genmask    | Interface | Flags |
[   13.700568] cloud-init[1081]: ci-info: +-------+--------------+----------+---------------+-----------+-------+
[[0;32m  OK  [0m] Started Initial cloud-init job (metadata service crawler).
[[0;32m  OK  [0m] Reached target System Initialization.
[   13.704927] cloud-init[1081]: ci-info: |   0   |   0.0.0.0    | 10.0.2.2 |    0.0.0.0    |   enp0s3  |   UG  |
[   13.719302] cloud-init[1081]: ci-info: |   1   |   10.0.2.0   | 0.0.0.0  | 255.255.255.0 |   enp0s3  |   U   |
[   13.720923] cloud-init[1081]: ci-info: |   2   | 192.168.56.0 | 0.0.0.0  | 255.255.255.0 |   enp0s8  |   U   |
[   13.722595] cloud-init[1081]: ci-info: +-------+--------------+----------+---------------+-----------+-------+
[   13.724290] cloud-init[1081]: ci-info: +++++++++++++++++++Route IPv6 info+++++++++++++++++++
[   13.725735] cloud-init[1081]: ci-info: +-------+-------------+---------+-----------+-------+
[   13.727223] cloud-init[1081]: ci-info: | Route | Destination | Gateway | Interface | Flags |
[   13.728599] cloud-init[1081]: ci-info: +-------+-------------+---------+-----------+-------+
[   13.730044] cloud-init[1081]: ci-info: |   0   |  fe80::/64  |    ::   |   enp0s8  |   U   |
[   13.731440] cloud-init[1081]: ci-info: |   1   |  fe80::/64  |    ::   |   enp0s3  |   U   |
[   13.732660] cloud-init[1081]: ci-info: |   4   |   ff00::/8  |    ::   |   enp0s8  |   U   |
[   13.734224] cloud-init[1081]: ci-info: |   5   |   ff00::/8  |    ::   |   enp0s3  |   U   |
[   13.740307] cloud-init[1081]: ci-info: +-------+-------------+---------+-----------+-------+
[[0;32m  OK  [0m] Started Message of the Day.
[[0;32m  OK  [0m] Listening on UUID daemon activation socket.
[[0;32m  OK  [0m] Listening on ACPID Listen Socket.
         Starting LXD - unix socket.
[[0;32m  OK  [0m] Started Daily apt download activities.
[[0;32m  OK  [0m] Started Daily apt upgrade and clean activities.
[[0;32m  OK  [0m] Started Ubuntu Advantage update messaging.
[[0;32m  OK  [0m] Listening on D-Bus System Message Bus Socket.
[[0;32m  OK  [0m] Started Daily Cleanup of Temporary Directories.
[[0;32m  OK  [0m] Reached target Timers.
         Starting Socket activation for snappy daemon.
[[0;32m  OK  [0m] Started ACPI Events Check.
[[0;32m  OK  [0m] Reached target Paths.
[[0;32m  OK  [0m] Reached target Network is Online.
         Starting iSCSI initiator daemon (iscsid)...
[[0;32m  OK  [0m] Reached target Cloud-config availability.
[[0;32m  OK  [0m] Listening on LXD - unix socket.
[[0;32m  OK  [0m] Listening on Socket activation for snappy daemon.
[[0;32m  OK  [0m] Reached target Sockets.
[[0;32m  OK  [0m] Reached target Basic System.
         Starting LSB: MD monitoring daemon...
[[0;32m  OK  [0m] Started FUSE filesystem for LXC.
[[0;32m  OK  [0m] Started D-Bus System Message Bus.
[[0;32m  OK  [0m] Started ACPI event daemon.
         Starting Accounts Service...
         Starting Login Service...
[[0;32m  OK  [0m] Started Deferred execution scheduler.
[[0;32m  OK  [0m] Started Regular background program processing daemon.
         Starting System Logging Service...
         Starting vboxadd.service...
         Starting OpenBSD Secure Shell server...
         Starting /etc/rc.local Compatibility...
         Starting LSB: Record successful boot for GRUB...
         Starting Snap Daemon...
         Starting LXD - container startup/shutdown...
[[0;32m  OK  [0m] Started /etc/rc.local Compatibility.
[[0;32m  OK  [0m] Started Login Service.
[[0;32m  OK  [0m] Started Unattended Upgrades Shutdown.
[[0;32m  OK  [0m] Started iSCSI initiator daemon (iscsid).
         Starting Login to default iSCSI targets...
[[0;32m  OK  [0m] Started LSB: MD monitoring daemon.
[[0;32m  OK  [0m] Started LSB: Record successful boot for GRUB.
[[0;32m  OK  [0m] Started System Logging Service.
[[0;32m  OK  [0m] Started Login to default iSCSI targets.
[[0;32m  OK  [0m] Reached target Remote File Systems (Pre).
         Mounting /vagrant...
         Starting Authenticate and Authorize Users to Run Privileged Tasks...
[[0;1;31mFAILED[0m] Failed to mount /vagrant.
See 'systemctl status vagrant.mount' for details.
[[0;1;33mDEPEND[0m] Dependency failed for Remote File Systems.
         Starting LSB: automatic crash report generation...
         Starting Permit User Sessions...
         Starting LSB: daemon to balance interrupts for SMP systems...
         Starting LSB: Set the CPU Frequency Scaling governor to "ondemand"...
[[0;32m  OK  [0m] Started Permit User Sessions.
         Starting Terminate Plymouth Boot Screen...
         Starting Hold until boot process finishes up...
[[0;32m  OK  [0m] Started LSB: Set the CPU Frequency Scaling governor to "ondemand".
[[0;32m  OK  [0m] Started Terminate Plymouth Boot Screen.
[[0;32m  OK  [0m] Started Hold until boot process finishes up.
         Starting Set console scheme...
[[0;32m  OK  [0m] Started Getty on tty1.
[[0;32m  OK  [0m] Started Serial Getty on ttyS0.
[[0;32m  OK  [0m] Reached target Login Prompts.
[[0;32m  OK  [0m] Started OpenBSD Secure Shell server.
[[0;32m  OK  [0m] Started Set console scheme.
[[0;32m  OK  [0m] Started Authenticate and Authorize Users to Run Privileged Tasks.
[[0;32m  OK  [0m] Started Accounts Service.
[[0;32m  OK  [0m] Started LSB: daemon to balance interrupts for SMP systems.
[[0;32m  OK  [0m] Started LSB: automatic crash report generation.
[[0;32m  OK  [0m] Started vboxadd.service.
         Starting vboxadd-service.service...
[[0;32m  OK  [0m] Started LXD - container startup/shutdown.
[[0;32m  OK  [0m] Started vboxadd-service.service.
[[0;32m  OK  [0m] Started Snap Daemon.
         Starting Wait until snapd is fully seeded...
[[0;32m  OK  [0m] Started Wait until snapd is fully seeded.
         Starting Apply the settings specified in cloud-config...
[[0;32m  OK  [0m] Reached target Multi-User System.
[[0;32m  OK  [0m] Reached target Graphical Interface.
         Starting Update UTMP about System Runlevel Changes...
[[0;32m  OK  [0m] Started Update UTMP about System Runlevel Changes.
[   15.841361] cloud-init[1494]: Cloud-init v. 21.1-19-gbad84ad4-0ubuntu1~16.04.2 running 'modules:config' at Fri, 23 Aug 2024 14:35:23 +0000. Up 15.63 seconds.
[[0;32m  OK  [0m] Started Apply the settings specified in cloud-config.
         Starting Execute cloud user/final scripts...
[   16.530422] cloud-init[1512]: Cloud-init v. 21.1-19-gbad84ad4-0ubuntu1~16.04.2 running 'modules:final' at Fri, 23 Aug 2024 14:35:23 +0000. Up 16.22 seconds.
[   16.536617] cloud-init[1512]: Cloud-init v. 21.1-19-gbad84ad4-0ubuntu1~16.04.2 finished at Fri, 23 Aug 2024 14:35:24 +0000. Datasource DataSourceNoCloud [seed=/dev/sdb][dsmode=net].  Up 16.52 seconds
[[0;32m  OK  [0m] Started Execute cloud user/final scripts.
[[0;32m  OK  [0m] Reached target Cloud-init target.

Ubuntu 16.04.7 LTS web03 ttyS0

web03 login: 